[2024-04-17 20:03:18] [LOG] Message for 'log' in 'test'
[2024-04-17 20:03:18] [INF] Message for 'info'
[2024-04-17 20:03:18] [SUC] Message for 'success'
[2024-04-17 20:03:18] [WAR] Message for 'warning'
[2024-04-17 20:03:18] [ERR] Message for 'error'
[2024-04-27 14:19:42] [LOG] Message for 'log' in 'test'
[2024-04-27 14:19:42] [INF] Message for 'info'
[2024-04-27 14:19:42] [SUC] Message for 'success'
[2024-04-27 14:19:42] [WAR] Message for 'warning'
[2024-04-27 14:19:42] [ERR] Message for 'error'
[2024-04-27 14:21:54] [LOG] Message for 'log' in 'test'
[2024-04-27 14:21:54] [INF] Message for 'info'
[2024-04-27 14:21:54] [SUC] Message for 'success'
[2024-04-27 14:21:54] [WAR] Message for 'warning'
[2024-04-27 14:21:54] [ERR] Message for 'error'
[2024-04-27 14:22:05] [LOG] Message for 'log' in 'test'
[2024-04-27 14:22:05] [INF] Message for 'info'
[2024-04-27 14:22:05] [SUC] Message for 'success'
[2024-04-27 14:22:05] [WAR] Message for 'warning'
[2024-04-27 14:22:05] [ERR] Message for 'error'
[2024-04-27 14:22:20] [LOG] Message for [36m'[32mlog[36m'[30m(B[m in [36m'[32mtest[36m'[30m(B[m
[2024-04-27 14:22:20] [INF] Message for [36m'[32minfo[36m'[30m(B[m
[2024-04-27 14:22:20] [SUC] Message for [36m'[32msuccess[36m'[30m(B[m
[2024-04-27 14:22:20] [WAR] Message for [36m'[32mwarning[36m'[30m(B[m
[2024-04-27 14:22:20] [ERR] Message for [36m'[32merror[36m'[30m(B[m
[2024-04-27 14:25:37] [LOG] Message for 'log' in 'test'
[2024-04-27 14:25:37] [INF] Message for 'info'
[2024-04-27 14:25:37] [SUC] Message for 'success'
[2024-04-27 14:25:37] [WAR] Message for 'warning'
[2024-04-27 14:25:37] [] Message for 'error'
[2024-04-27 14:28:42] [[LOG] Message for 'log' in 'test'] Message for 'log' in 'test'
[2024-04-27 14:28:42] [] Message for 'info'
[2024-04-27 14:28:42] [] Message for 'success'
[2024-04-27 14:28:42] [] Message for 'warning'
[2024-04-27 14:28:42] [] Message for 'error'
[2024-04-27 14:29:17] [[LOG] Message for 'log' in 'test'] Message for 'log' in 'test'
[2024-04-27 14:29:17] [] Message for 'info'
[2024-04-27 14:29:17] [] Message for 'success'
[2024-04-27 14:29:17] [] Message for 'warning'
[2024-04-27 14:29:17] [[[31mERR(B[m] Message for 'error'] Message for 'error'
[2024-04-27 14:29:27] [[LOG] Message for 'log' in 'test'] Message for 'log' in 'test'
[2024-04-27 14:29:27] [[[34mINF(B[m] Message for 'info'] Message for 'info'
[2024-04-27 14:29:27] [[[32mSUC(B[m] Message for 'success'] Message for 'success'
[2024-04-27 14:29:27] [[[33mWAR(B[m] Message for 'warning'] Message for 'warning'
[2024-04-27 14:29:27] [[[31mERR(B[m] Message for 'error'] Message for 'error'
[2024-04-27 14:30:04] [] [LOG] Message for [36m'[32mlog[36m'[30m(B[m in [36m'[32mtest[36m'[30m(B[m
[2024-04-27 14:30:04] [inf] [[34mINF(B[m] Message for [36m'[32minfo[36m'[30m(B[m
[2024-04-27 14:30:04] [suc] [[32mSUC(B[m] Message for [36m'[32msuccess[36m'[30m(B[m
[2024-04-27 14:30:04] [war] [[33mWAR(B[m] Message for [36m'[32mwarning[36m'[30m(B[m
[2024-04-27 14:30:04] [err] [[31mERR(B[m] Message for [36m'[32merror[36m'[30m(B[m
[2024-04-27 14:30:16] [] [LOG] Message for 'log' in 'test'
[2024-04-27 14:30:16] [inf] [[34mINF(B[m] Message for 'info'
[2024-04-27 14:30:16] [suc] [[32mSUC(B[m] Message for 'success'
[2024-04-27 14:30:16] [war] [[33mWAR(B[m] Message for 'warning'
[2024-04-27 14:30:16] [err] [[31mERR(B[m] Message for 'error'
[2024-04-27 14:30:19] [] [LOG] Message for 'log' in 'test'
[2024-04-27 14:30:19] [inf] [[34mINF(B[m] Message for 'info'
[2024-04-27 14:30:19] [suc] [[32mSUC(B[m] Message for 'success'
[2024-04-27 14:30:19] [war] [[33mWAR(B[m] Message for 'warning'
[2024-04-27 14:30:19] [err] [[31mERR(B[m] Message for 'error'
[2024-04-27 14:37:21] [LOG] [LOG] Message for 'log' in 'test'
[2024-04-27 14:37:21] [INF] [[34m(B[m] Message for 'info'
[2024-04-27 14:37:21] [SUC] [[32m(B[m] Message for 'success'
[2024-04-27 14:37:21] [WAR] [[33m(B[m] Message for 'warning'
[2024-04-27 14:37:21] [ERR] [[31m(B[m] Message for 'error'
[2024-04-27 14:37:43] [LOG] [LOG] Message for 'log' in 'test'
[2024-04-27 14:37:43] [INF] [[34mINF(B[m] Message for 'info'
[2024-04-27 14:37:43] [SUC] [[32mSUC(B[m] Message for 'success'
[2024-04-27 14:37:43] [WAR] [[33mWAR(B[m] Message for 'warning'
[2024-04-27 14:37:43] [ERR] [[31mERR(B[m] Message for 'error'
[2024-04-27 14:38:49] [LOG] Message for 'log' in 'test'
[2024-04-27 14:38:49] [[34mINF(B[m] Message for 'info'
[2024-04-27 14:38:49] [[32mSUC(B[m] Message for 'success'
[2024-04-27 14:38:49] [[33mWAR(B[m] Message for 'warning'
[2024-04-27 14:38:49] [[31mERR(B[m] Message for 'error'
[2024-04-27 14:40:43] [LOG] Message for 'log' in 'test'
[2024-04-27 14:40:43] [INF] Message for 'info'
[2024-04-27 14:40:43] [SUC] Message for 'success'
[2024-04-27 14:40:43] [WAR] Message for 'warning'
[2024-04-27 14:40:43] [ERR] Message for 'error'
